2019-01-19T17:53:40.920-0500 I CONTROL  [main] Automatically disabling TLS 1.0, to force-enable TLS 1.0 specify --sslDisabledProtocols 'none'
2019-01-19T17:53:40.923-0500 I CONTROL  [initandlisten] MongoDB starting : pid=13902 port=30000 dbpath=/home/ozzycodes/OzzyCodes_ProgrammingTutorials/CodingAcademy_Programs/MongoDB/Admins_Guide/node1 64-bit host=ozzycodes-ML-LIQUID
2019-01-19T17:53:40.923-0500 I CONTROL  [initandlisten] db version v4.0.5
2019-01-19T17:53:40.923-0500 I CONTROL  [initandlisten] git version: 3739429dd92b92d1b0ab120911a23d50bf03c412
2019-01-19T17:53:40.923-0500 I CONTROL  [initandlisten] OpenSSL version: OpenSSL 1.1.0g  2 Nov 2017
2019-01-19T17:53:40.923-0500 I CONTROL  [initandlisten] allocator: tcmalloc
2019-01-19T17:53:40.923-0500 I CONTROL  [initandlisten] modules: none
2019-01-19T17:53:40.923-0500 I CONTROL  [initandlisten] build environment:
2019-01-19T17:53:40.923-0500 I CONTROL  [initandlisten]     distmod: ubuntu1804
2019-01-19T17:53:40.923-0500 I CONTROL  [initandlisten]     distarch: x86_64
2019-01-19T17:53:40.923-0500 I CONTROL  [initandlisten]     target_arch: x86_64
2019-01-19T17:53:40.923-0500 I CONTROL  [initandlisten] options: { net: { port: 30000 }, processManagement: { fork: true }, replication: { replSet: "LXF" }, storage: { dbPath: "node1" }, systemLog: { destination: "file", logAppend: true, path: "a.log" } }
2019-01-19T17:53:40.923-0500 I STORAGE  [initandlisten] 
2019-01-19T17:53:40.923-0500 I STORAGE  [initandlisten] ** WARNING: Using the XFS filesystem is strongly recommended with the WiredTiger storage engine
2019-01-19T17:53:40.923-0500 I STORAGE  [initandlisten] **          See http://dochub.mongodb.org/core/prodnotes-filesystem
2019-01-19T17:53:40.923-0500 I STORAGE  [initandlisten] wiredtiger_open config: create,cache_size=7515M,session_max=20000,eviction=(threads_min=4,threads_max=4),config_base=false,statistics=(fast),log=(enabled=true,archive=true,path=journal,compressor=snappy),file_manager=(close_idle_time=100000),statistics_log=(wait=0),verbose=(recovery_progress),
2019-01-19T17:53:42.442-0500 I STORAGE  [initandlisten] WiredTiger message [1547938422:442002][13902:0x7f969c097a40], txn-recover: Set global recovery timestamp: 0
2019-01-19T17:53:42.851-0500 I RECOVERY [initandlisten] WiredTiger recoveryTimestamp. Ts: Timestamp(0, 0)
2019-01-19T17:53:43.805-0500 I CONTROL  [initandlisten] 
2019-01-19T17:53:43.805-0500 I CONTROL  [initandlisten] ** WARNING: Access control is not enabled for the database.
2019-01-19T17:53:43.805-0500 I CONTROL  [initandlisten] **          Read and write access to data and configuration is unrestricted.
2019-01-19T17:53:43.805-0500 I CONTROL  [initandlisten] 
2019-01-19T17:53:43.805-0500 I CONTROL  [initandlisten] ** WARNING: This server is bound to localhost.
2019-01-19T17:53:43.805-0500 I CONTROL  [initandlisten] **          Remote systems will be unable to connect to this server. 
2019-01-19T17:53:43.805-0500 I CONTROL  [initandlisten] **          Start the server with --bind_ip <address> to specify which IP 
2019-01-19T17:53:43.805-0500 I CONTROL  [initandlisten] **          addresses it should serve responses from, or with --bind_ip_all to
2019-01-19T17:53:43.805-0500 I CONTROL  [initandlisten] **          bind to all interfaces. If this behavior is desired, start the
2019-01-19T17:53:43.805-0500 I CONTROL  [initandlisten] **          server with --bind_ip 127.0.0.1 to disable this warning.
2019-01-19T17:53:43.805-0500 I CONTROL  [initandlisten] 
2019-01-19T17:53:43.805-0500 I CONTROL  [initandlisten] 
2019-01-19T17:53:43.805-0500 I CONTROL  [initandlisten] ** WARNING: soft rlimits too low. rlimits set to 63705 processes, 1048576 files. Number of processes should be at least 524288 : 0.5 times number of files.
2019-01-19T17:53:43.811-0500 I STORAGE  [initandlisten] createCollection: local.startup_log with generated UUID: 04809a7e-d3af-44e2-b7e4-23d957d9cc23
2019-01-19T17:53:44.555-0500 I FTDC     [initandlisten] Initializing full-time diagnostic data capture with directory '/home/ozzycodes/OzzyCodes_ProgrammingTutorials/CodingAcademy_Programs/MongoDB/Admins_Guide/node1/diagnostic.data'
2019-01-19T17:53:44.556-0500 I STORAGE  [initandlisten] createCollection: local.replset.oplogTruncateAfterPoint with generated UUID: f726a19c-f278-42ca-8540-8f3c4366fd8b
2019-01-19T17:53:45.000-0500 W REPL     [ftdc] Rollback ID is not initialized yet.
2019-01-19T17:53:45.007-0500 I STORAGE  [initandlisten] createCollection: local.replset.minvalid with generated UUID: 12a3ac7c-de7c-4925-b09c-58d4479bf451
2019-01-19T17:53:45.597-0500 I REPL     [initandlisten] Did not find local voted for document at startup.
2019-01-19T17:53:45.597-0500 I REPL     [initandlisten] Did not find local Rollback ID document at startup. Creating one.
2019-01-19T17:53:45.597-0500 I STORAGE  [initandlisten] createCollection: local.system.rollback.id with generated UUID: 538448bb-7d85-43aa-a022-aef86ab9f6e2
2019-01-19T17:53:46.172-0500 I REPL     [initandlisten] Initialized the rollback ID to 1
2019-01-19T17:53:46.172-0500 I REPL     [initandlisten] Did not find local replica set configuration document at startup;  NoMatchingDocument: Did not find replica set configuration document in local.system.replset
2019-01-19T17:53:46.172-0500 I CONTROL  [LogicalSessionCacheRefresh] Sessions collection is not set up; waiting until next sessions refresh interval: Replication has not yet been configured
2019-01-19T17:53:46.172-0500 I NETWORK  [initandlisten] waiting for connections on port 30000
2019-01-19T17:53:46.172-0500 I CONTROL  [LogicalSessionCacheReap] Sessions collection is not set up; waiting until next sessions reap interval: config.system.sessions does not exist
2019-01-19T17:56:10.863-0500 I NETWORK  [listener] connection accepted from 127.0.0.1:60002 #1 (1 connection now open)
2019-01-19T17:56:10.884-0500 I NETWORK  [conn1] received client metadata from 127.0.0.1:60002 conn1: { application: { name: "MongoDB Shell" }, driver: { name: "MongoDB Internal Client", version: "4.0.5" }, os: { type: "Linux", name: "LinuxMint", architecture: "x86_64", version: "19.1" } }
2019-01-19T17:56:19.497-0500 I COMMAND  [conn1] initiate : no configuration specified. Using a default configuration for the set
2019-01-19T17:56:19.497-0500 I COMMAND  [conn1] created this configuration for initiation : { _id: "LXF", version: 1, members: [ { _id: 0, host: "localhost:30000" } ] }
2019-01-19T17:56:19.497-0500 I REPL     [conn1] replSetInitiate admin command received from client
2019-01-19T17:56:19.498-0500 I REPL     [conn1] replSetInitiate config object with 1 members parses ok
2019-01-19T17:56:19.498-0500 I REPL     [conn1] ******
2019-01-19T17:56:19.498-0500 I REPL     [conn1] creating replication oplog of size: 9298MB...
2019-01-19T17:56:19.498-0500 I STORAGE  [conn1] createCollection: local.oplog.rs with generated UUID: f9a516d5-cbba-47aa-97a9-2a7580da840a
2019-01-19T17:56:19.724-0500 I STORAGE  [conn1] Starting OplogTruncaterThread local.oplog.rs
2019-01-19T17:56:19.724-0500 I STORAGE  [conn1] The size storer reports that the oplog contains 0 records totaling to 0 bytes
2019-01-19T17:56:19.724-0500 I STORAGE  [conn1] Scanning the oplog to determine where to place markers for truncation
2019-01-19T17:56:20.373-0500 I REPL     [conn1] ******
2019-01-19T17:56:20.374-0500 I COMMAND  [monitoring keys for HMAC] command admin.system.keys command: find { find: "system.keys", filter: { purpose: "HMAC", expiresAt: { $gt: Timestamp(0, 0) } }, sort: { expiresAt: 1 }, $readPreference: { mode: "nearest", tags: [] }, $db: "admin" } planSummary: EOF keysExamined:0 docsExamined:0 cursorExhausted:1 numYields:0 nreturned:0 reslen:231 locks:{ Global: { acquireCount: { r: 2 }, acquireWaitCount: { r: 1 }, timeAcquiringMicros: { r: 816678 } }, Database: { acquireCount: { r: 2 } }, Collection: { acquireCount: { r: 1 } } } protocol:op_msg 816ms
2019-01-19T17:56:20.374-0500 I STORAGE  [conn1] createCollection: local.system.replset with generated UUID: 601552d6-d6b2-43e5-bd4a-74770db9f3b5
2019-01-19T17:56:20.899-0500 I STORAGE  [conn1] createCollection: admin.system.version with provided UUID: 02144e43-c1b9-4bc3-a2c7-59d484f874f8
2019-01-19T17:56:21.533-0500 I COMMAND  [monitoring keys for HMAC] command admin.system.keys command: find { find: "system.keys", filter: { purpose: "HMAC", expiresAt: { $gt: Timestamp(0, 0) } }, sort: { expiresAt: 1 }, $readPreference: { mode: "nearest", tags: [] }, $db: "admin" } planSummary: EOF keysExamined:0 docsExamined:0 cursorExhausted:1 numYields:0 nreturned:0 reslen:231 locks:{ Global: { acquireCount: { r: 1 }, acquireWaitCount: { r: 1 }, timeAcquiringMicros: { r: 324368 } }, Database: { acquireCount: { r: 1 }, acquireWaitCount: { r: 1 }, timeAcquiringMicros: { r: 634835 } }, Collection: { acquireCount: { r: 1 } } } protocol:op_msg 959ms
2019-01-19T17:56:21.534-0500 I COMMAND  [conn1] setting featureCompatibilityVersion to 4.0
2019-01-19T17:56:21.534-0500 I NETWORK  [conn1] Skip closing connection for connection # 1
2019-01-19T17:56:21.534-0500 I REPL     [conn1] New replica set config in use: { _id: "LXF", version: 1, protocolVersion: 1, writeConcernMajorityJournalDefault: true, members: [ { _id: 0, host: "localhost:30000", arbiterOnly: false, buildIndexes: true, hidden: false, priority: 1.0, tags: {}, slaveDelay: 0, votes: 1 } ], settings: { chainingAllowed: true, heartbeatIntervalMillis: 2000, heartbeatTimeoutSecs: 10, electionTimeoutMillis: 10000, catchUpTimeoutMillis: -1, catchUpTakeoverDelayMillis: 30000, getLastErrorModes: {}, getLastErrorDefaults: { w: 1, wtimeout: 0 }, replicaSetId: ObjectId('5c43ab13b334846077f8aedc') } }
2019-01-19T17:56:21.534-0500 I REPL     [conn1] This node is localhost:30000 in the config
2019-01-19T17:56:21.534-0500 I REPL     [conn1] transition to STARTUP2 from STARTUP
2019-01-19T17:56:21.534-0500 I REPL     [conn1] Starting replication storage threads
2019-01-19T17:56:21.535-0500 I REPL     [conn1] transition to RECOVERING from STARTUP2
2019-01-19T17:56:21.535-0500 I REPL     [conn1] Starting replication fetcher thread
2019-01-19T17:56:21.535-0500 I REPL     [conn1] Starting replication applier thread
2019-01-19T17:56:21.535-0500 I REPL     [conn1] Starting replication reporter thread
2019-01-19T17:56:21.535-0500 I REPL     [rsSync-0] Starting oplog application
2019-01-19T17:56:21.535-0500 I COMMAND  [conn1] command local.system.replset appName: "MongoDB Shell" command: replSetInitiate { replSetInitiate: undefined, lsid: { id: UUID("89bb32d0-f49f-4c44-b3b1-4bbab3790a68") }, $clusterTime: { clusterTime: Timestamp(0, 0), signature: { hash: BinData(0, 0000000000000000000000000000000000000000), keyId: 0 } }, $db: "admin" } numYields:0 reslen:268 locks:{ Global: { acquireCount: { r: 14, w: 6, W: 2 }, acquireWaitCount: { W: 1 }, timeAcquiringMicros: { W: 407 } }, Database: { acquireCount: { r: 2, w: 3, W: 3 }, acquireWaitCount: { W: 1 }, timeAcquiringMicros: { W: 108 } }, Collection: { acquireCount: { r: 1, w: 2 } }, oplog: { acquireCount: { r: 1, w: 2 } } } protocol:op_msg 2038ms
2019-01-19T17:56:21.535-0500 I REPL     [rsSync-0] transition to SECONDARY from RECOVERING
2019-01-19T17:56:21.536-0500 I REPL     [rsSync-0] conducting a dry run election to see if we could be elected. current term: 0
2019-01-19T17:56:21.536-0500 I REPL     [replexec-0] dry election run succeeded, running for election in term 1
2019-01-19T17:56:21.536-0500 I STORAGE  [replexec-0] createCollection: local.replset.election with generated UUID: 841ad3d2-c5bc-4996-bfbd-114fb19110c9
2019-01-19T17:56:22.851-0500 I REPL     [replexec-0] election succeeded, assuming primary role in term 1
2019-01-19T17:56:22.851-0500 I REPL     [replexec-0] transition to PRIMARY from SECONDARY
2019-01-19T17:56:22.851-0500 I REPL     [replexec-0] Resetting sync source to empty, which was :27017
2019-01-19T17:56:22.851-0500 I REPL     [replexec-0] Entering primary catch-up mode.
2019-01-19T17:56:22.851-0500 I REPL     [replexec-0] Exited primary catch-up mode.
2019-01-19T17:56:22.851-0500 I REPL     [replexec-0] Stopping replication producer
2019-01-19T17:56:23.717-0500 I STORAGE  [rsSync-0] createCollection: config.transactions with generated UUID: 97b1307c-18e8-40e2-bc7a-a2bfe681dc14
2019-01-19T17:56:24.500-0500 I COMMAND  [rsSync-0] command config.transactions command: create { create: "transactions", $db: "config" } numYields:0 reslen:163 locks:{ Global: { acquireCount: { r: 1, w: 1 } }, Database: { acquireCount: { W: 1 } } } protocol:op_msg 783ms
2019-01-19T17:56:24.500-0500 I STORAGE  [rsSync-0] Triggering the first stable checkpoint. Initial Data: Timestamp(1547938580, 1) PrevStable: Timestamp(0, 0) CurrStable: Timestamp(1547938583, 1)
2019-01-19T17:56:24.500-0500 I REPL     [rsSync-0] transition to primary complete; database writes are now permitted
2019-01-19T17:56:24.500-0500 I COMMAND  [monitoring keys for HMAC] command admin.system.keys command: find { find: "system.keys", filter: { purpose: "HMAC", expiresAt: { $gt: Timestamp(1547938583, 1) } }, sort: { expiresAt: 1 }, $readPreference: { mode: "nearest", tags: [] }, $db: "admin" } planSummary: EOF keysExamined:0 docsExamined:0 cursorExhausted:1 numYields:0 nreturned:0 reslen:231 locks:{ Global: { acquireCount: { r: 1 }, acquireWaitCount: { r: 1 }, timeAcquiringMicros: { r: 783292 } }, Database: { acquireCount: { r: 1 } }, Collection: { acquireCount: { r: 1 } } } protocol:op_msg 783ms
2019-01-19T17:56:24.501-0500 I STORAGE  [monitoring keys for HMAC] createCollection: admin.system.keys with generated UUID: f7fa73d5-9c86-4e68-8d18-a651726f50dd
2019-01-19T17:56:26.751-0500 I COMMAND  [monitoring keys for HMAC] command admin.system.keys command: insert { insert: "system.keys", bypassDocumentValidation: false, ordered: true, documents: [ { _id: 6648345590201581569, purpose: "HMAC", key: BinData(0, C2A4322B1AF1BBBA916B52AC5611D838CE7071C6), expiresAt: Timestamp(1555714583, 0) } ], writeConcern: { w: "majority", wtimeout: 60000 }, allowImplicitCollectionCreation: true, $db: "admin" } ninserted:1 keysInserted:1 numYields:0 reslen:230 locks:{ Global: { acquireCount: { r: 3, w: 3 } }, Database: { acquireCount: { W: 3 } }, Collection: { acquireCount: { w: 2 } } } protocol:op_msg 2250ms
2019-01-19T17:56:27.081-0500 I COMMAND  [monitoring keys for HMAC] command admin.system.keys command: insert { insert: "system.keys", bypassDocumentValidation: false, ordered: true, documents: [ { _id: 6648345590201581570, purpose: "HMAC", key: BinData(0, 58F1C8C56422D12E1ABC6210E4AAFAB05B579065), expiresAt: Timestamp(1563490583, 0) } ], writeConcern: { w: "majority", wtimeout: 60000 }, allowImplicitCollectionCreation: true, $db: "admin" } ninserted:1 keysInserted:1 numYields:0 reslen:230 locks:{ Global: { acquireCount: { r: 1, w: 1 } }, Database: { acquireCount: { W: 1 } }, Collection: { acquireCount: { w: 1 } } } protocol:op_msg 307ms
2019-01-19T17:57:23.245-0500 I REPL     [conn1] replSetReconfig admin command received from client; new config: { _id: "LXF", version: 2, protocolVersion: 1, writeConcernMajorityJournalDefault: true, members: [ { _id: 0, host: "localhost:30000", arbiterOnly: false, buildIndexes: true, hidden: false, priority: 1.0, tags: {}, slaveDelay: 0, votes: 1 }, { _id: 1.0, host: "ozzycodes-ML-LIQUID:30001" } ], settings: { chainingAllowed: true, heartbeatIntervalMillis: 2000, heartbeatTimeoutSecs: 10, electionTimeoutMillis: 10000, catchUpTimeoutMillis: -1, catchUpTakeoverDelayMillis: 30000, getLastErrorModes: {}, getLastErrorDefaults: { w: 1, wtimeout: 0 }, replicaSetId: ObjectId('5c43ab13b334846077f8aedc') } }
2019-01-19T17:57:23.245-0500 E REPL     [conn1] replSetReconfig got BadValue: Either all host names in a replica set configuration must be localhost references, or none must be; found 1 out of 2 while validating { _id: "LXF", version: 2, protocolVersion: 1, writeConcernMajorityJournalDefault: true, members: [ { _id: 0, host: "localhost:30000", arbiterOnly: false, buildIndexes: true, hidden: false, priority: 1.0, tags: {}, slaveDelay: 0, votes: 1 }, { _id: 1.0, host: "ozzycodes-ML-LIQUID:30001" } ], settings: { chainingAllowed: true, heartbeatIntervalMillis: 2000, heartbeatTimeoutSecs: 10, electionTimeoutMillis: 10000, catchUpTimeoutMillis: -1, catchUpTakeoverDelayMillis: 30000, getLastErrorModes: {}, getLastErrorDefaults: { w: 1, wtimeout: 0 }, replicaSetId: ObjectId('5c43ab13b334846077f8aedc') } }
2019-01-19T17:57:55.628-0500 I REPL     [conn1] replSetReconfig admin command received from client; new config: { _id: "LXF", version: 2, protocolVersion: 1, writeConcernMajorityJournalDefault: true, members: [ { _id: 0, host: "localhost:30000", arbiterOnly: false, buildIndexes: true, hidden: false, priority: 1.0, tags: {}, slaveDelay: 0, votes: 1 }, { _id: 1.0, host: "ozzycodes-ML-LIQUID:30002", arbiterOnly: true } ], settings: { chainingAllowed: true, heartbeatIntervalMillis: 2000, heartbeatTimeoutSecs: 10, electionTimeoutMillis: 10000, catchUpTimeoutMillis: -1, catchUpTakeoverDelayMillis: 30000, getLastErrorModes: {}, getLastErrorDefaults: { w: 1, wtimeout: 0 }, replicaSetId: ObjectId('5c43ab13b334846077f8aedc') } }
2019-01-19T17:57:55.628-0500 E REPL     [conn1] replSetReconfig got BadValue: Either all host names in a replica set configuration must be localhost references, or none must be; found 1 out of 2 while validating { _id: "LXF", version: 2, protocolVersion: 1, writeConcernMajorityJournalDefault: true, members: [ { _id: 0, host: "localhost:30000", arbiterOnly: false, buildIndexes: true, hidden: false, priority: 1.0, tags: {}, slaveDelay: 0, votes: 1 }, { _id: 1.0, host: "ozzycodes-ML-LIQUID:30002", arbiterOnly: true } ], settings: { chainingAllowed: true, heartbeatIntervalMillis: 2000, heartbeatTimeoutSecs: 10, electionTimeoutMillis: 10000, catchUpTimeoutMillis: -1, catchUpTakeoverDelayMillis: 30000, getLastErrorModes: {}, getLastErrorDefaults: { w: 1, wtimeout: 0 }, replicaSetId: ObjectId('5c43ab13b334846077f8aedc') } }
2019-01-19T17:58:46.172-0500 I CONTROL  [LogicalSessionCacheReap] Sessions collection is not set up; waiting until next sessions reap interval: config.system.sessions does not exist
2019-01-19T17:58:46.172-0500 I STORAGE  [LogicalSessionCacheRefresh] createCollection: config.system.sessions with generated UUID: c0bc4b3e-95cf-4894-a68a-e705eeca56aa
2019-01-19T17:58:47.176-0500 I INDEX    [LogicalSessionCacheRefresh] build index on: config.system.sessions properties: { v: 2, key: { lastUse: 1 }, name: "lsidTTLIndex", ns: "config.system.sessions", expireAfterSeconds: 1800 }
2019-01-19T17:58:47.176-0500 I INDEX    [LogicalSessionCacheRefresh] 	 building index using bulk method; build may temporarily use up to 500 megabytes of RAM
2019-01-19T17:58:47.185-0500 I INDEX    [LogicalSessionCacheRefresh] build index done.  scanned 0 total records. 0 secs
2019-01-19T17:58:47.185-0500 I COMMAND  [LogicalSessionCacheRefresh] command config.$cmd command: createIndexes { createIndexes: "system.sessions", indexes: [ { key: { lastUse: 1 }, name: "lsidTTLIndex", expireAfterSeconds: 1800 } ], $db: "config" } numYields:0 reslen:239 locks:{ Global: { acquireCount: { r: 2, w: 2 } }, Database: { acquireCount: { w: 2, W: 1 } }, Collection: { acquireCount: { w: 2 } } } protocol:op_msg 1013ms
2019-01-19T18:03:32.242-0500 I NETWORK  [conn1] end connection 127.0.0.1:60002 (0 connections now open)
2019-01-19T18:03:46.378-0500 I COMMAND  [LogicalSessionCacheRefresh] command config.$cmd command: delete { delete: "system.sessions", ordered: false, writeConcern: { w: "majority", wtimeout: 15000 }, $db: "config" } numYields:0 reslen:230 locks:{ Global: { acquireCount: { r: 1, w: 1 } }, Database: { acquireCount: { w: 1 } }, Collection: { acquireCount: { w: 1 } } } protocol:op_msg 206ms
2019-01-20T16:28:00.013-0500 E STORAGE  [ftdc] WiredTiger error (2) [1548019680:1402][13902:0x7f968e65d700], WT_SESSION.open_cursor: __posix_fs_size, 311: /home/ozzycodes/OzzyCodes_ProgrammingTutorials/CodingAcademy_Programs/MongoDB/Admins_Guide/node1/collection-8-6828741211605901263.wt: file-size: stat: No such file or directory Raw: [1548019680:1402][13902:0x7f968e65d700], WT_SESSION.open_cursor: __posix_fs_size, 311: /home/ozzycodes/OzzyCodes_ProgrammingTutorials/CodingAcademy_Programs/MongoDB/Admins_Guide/node1/collection-8-6828741211605901263.wt: file-size: stat: No such file or directory
2019-01-20T16:28:01.001-0500 E STORAGE  [ftdc] WiredTiger error (2) [1548019681:1300][13902:0x7f968e65d700], WT_SESSION.open_cursor: __posix_fs_size, 311: /home/ozzycodes/OzzyCodes_ProgrammingTutorials/CodingAcademy_Programs/MongoDB/Admins_Guide/node1/collection-8-6828741211605901263.wt: file-size: stat: No such file or directory Raw: [1548019681:1300][13902:0x7f968e65d700], WT_SESSION.open_cursor: __posix_fs_size, 311: /home/ozzycodes/OzzyCodes_ProgrammingTutorials/CodingAcademy_Programs/MongoDB/Admins_Guide/node1/collection-8-6828741211605901263.wt: file-size: stat: No such file or directory
2019-01-20T16:28:02.001-0500 E STORAGE  [ftdc] WiredTiger error (2) [1548019682:1393][13902:0x7f968e65d700], WT_SESSION.open_cursor: __posix_fs_size, 311: /home/ozzycodes/OzzyCodes_ProgrammingTutorials/CodingAcademy_Programs/MongoDB/Admins_Guide/node1/collection-8-6828741211605901263.wt: file-size: stat: No such file or directory Raw: [1548019682:1393][13902:0x7f968e65d700], WT_SESSION.open_cursor: __posix_fs_size, 311: /home/ozzycodes/OzzyCodes_ProgrammingTutorials/CodingAcademy_Programs/MongoDB/Admins_Guide/node1/collection-8-6828741211605901263.wt: file-size: stat: No such file or directory
2019-01-20T16:28:03.001-0500 E STORAGE  [ftdc] WiredTiger error (2) [1548019683:1396][13902:0x7f968e65d700], WT_SESSION.open_cursor: __posix_fs_size, 311: /home/ozzycodes/OzzyCodes_ProgrammingTutorials/CodingAcademy_Programs/MongoDB/Admins_Guide/node1/collection-8-6828741211605901263.wt: file-size: stat: No such file or directory Raw: [1548019683:1396][13902:0x7f968e65d700], WT_SESSION.open_cursor: __posix_fs_size, 311: /home/ozzycodes/OzzyCodes_ProgrammingTutorials/CodingAcademy_Programs/MongoDB/Admins_Guide/node1/collection-8-6828741211605901263.wt: file-size: stat: No such file or directory
2019-01-20T16:28:04.001-0500 E STORAGE  [ftdc] WiredTiger error (2) [1548019684:1349][13902:0x7f968e65d700], WT_SESSION.open_cursor: __posix_fs_size, 311: /home/ozzycodes/OzzyCodes_ProgrammingTutorials/CodingAcademy_Programs/MongoDB/Admins_Guide/node1/collection-8-6828741211605901263.wt: file-size: stat: No such file or directory Raw: [1548019684:1349][13902:0x7f968e65d700], WT_SESSION.open_cursor: __posix_fs_size, 311: /home/ozzycodes/OzzyCodes_ProgrammingTutorials/CodingAcademy_Programs/MongoDB/Admins_Guide/node1/collection-8-6828741211605901263.wt: file-size: stat: No such file or directory
2019-01-20T16:28:05.000-0500 E STORAGE  [ftdc] WiredTiger error (2) [1548019685:809][13902:0x7f968e65d700], WT_SESSION.open_cursor: __posix_fs_size, 311: /home/ozzycodes/OzzyCodes_ProgrammingTutorials/CodingAcademy_Programs/MongoDB/Admins_Guide/node1/collection-8-6828741211605901263.wt: file-size: stat: No such file or directory Raw: [1548019685:809][13902:0x7f968e65d700], WT_SESSION.open_cursor: __posix_fs_size, 311: /home/ozzycodes/OzzyCodes_ProgrammingTutorials/CodingAcademy_Programs/MongoDB/Admins_Guide/node1/collection-8-6828741211605901263.wt: file-size: stat: No such file or directory
2019-01-20T16:28:06.001-0500 E STORAGE  [ftdc] WiredTiger error (2) [1548019686:1876][13902:0x7f968e65d700], WT_SESSION.open_cursor: __posix_fs_size, 311: /home/ozzycodes/OzzyCodes_ProgrammingTutorials/CodingAcademy_Programs/MongoDB/Admins_Guide/node1/collection-8-6828741211605901263.wt: file-size: stat: No such file or directory Raw: [1548019686:1876][13902:0x7f968e65d700], WT_SESSION.open_cursor: __posix_fs_size, 311: /home/ozzycodes/OzzyCodes_ProgrammingTutorials/CodingAcademy_Programs/MongoDB/Admins_Guide/node1/collection-8-6828741211605901263.wt: file-size: stat: No such file or directory
2019-01-20T16:28:07.001-0500 E STORAGE  [ftdc] WiredTiger error (2) [1548019687:1312][13902:0x7f968e65d700], WT_SESSION.open_cursor: __posix_fs_size, 311: /home/ozzycodes/OzzyCodes_ProgrammingTutorials/CodingAcademy_Programs/MongoDB/Admins_Guide/node1/collection-8-6828741211605901263.wt: file-size: stat: No such file or directory Raw: [1548019687:1312][13902:0x7f968e65d700], WT_SESSION.open_cursor: __posix_fs_size, 311: /home/ozzycodes/OzzyCodes_ProgrammingTutorials/CodingAcademy_Programs/MongoDB/Admins_Guide/node1/collection-8-6828741211605901263.wt: file-size: stat: No such file or directory
2019-01-20T16:28:08.001-0500 E STORAGE  [ftdc] WiredTiger error (2) [1548019688:1289][13902:0x7f968e65d700], WT_SESSION.open_cursor: __posix_fs_size, 311: /home/ozzycodes/OzzyCodes_ProgrammingTutorials/CodingAcademy_Programs/MongoDB/Admins_Guide/node1/collection-8-6828741211605901263.wt: file-size: stat: No such file or directory Raw: [1548019688:1289][13902:0x7f968e65d700], WT_SESSION.open_cursor: __posix_fs_size, 311: /home/ozzycodes/OzzyCodes_ProgrammingTutorials/CodingAcademy_Programs/MongoDB/Admins_Guide/node1/collection-8-6828741211605901263.wt: file-size: stat: No such file or directory
2019-01-20T16:28:09.001-0500 E STORAGE  [ftdc] WiredTiger error (2) [1548019689:1668][13902:0x7f968e65d700], WT_SESSION.open_cursor: __posix_fs_size, 311: /home/ozzycodes/OzzyCodes_ProgrammingTutorials/CodingAcademy_Programs/MongoDB/Admins_Guide/node1/collection-8-6828741211605901263.wt: file-size: stat: No such file or directory Raw: [1548019689:1668][13902:0x7f968e65d700], WT_SESSION.open_cursor: __posix_fs_size, 311: /home/ozzycodes/OzzyCodes_ProgrammingTutorials/CodingAcademy_Programs/MongoDB/Admins_Guide/node1/collection-8-6828741211605901263.wt: file-size: stat: No such file or directory
2019-01-20T16:28:10.001-0500 E STORAGE  [ftdc] WiredTiger error (2) [1548019690:1663][13902:0x7f968e65d700], WT_SESSION.open_cursor: __posix_fs_size, 311: /home/ozzycodes/OzzyCodes_ProgrammingTutorials/CodingAcademy_Programs/MongoDB/Admins_Guide/node1/collection-8-6828741211605901263.wt: file-size: stat: No such file or directory Raw: [1548019690:1663][13902:0x7f968e65d700], WT_SESSION.open_cursor: __posix_fs_size, 311: /home/ozzycodes/OzzyCodes_ProgrammingTutorials/CodingAcademy_Programs/MongoDB/Admins_Guide/node1/collection-8-6828741211605901263.wt: file-size: stat: No such file or directory
2019-01-20T16:28:10.006-0500 W FTDC     [ftdc] Uncaught exception in 'FileNotOpen: Failed to open interim file /home/ozzycodes/OzzyCodes_ProgrammingTutorials/CodingAcademy_Programs/MongoDB/Admins_Guide/node1/diagnostic.data/metrics.interim.temp' in full-time diagnostic data capture subsystem. Shutting down the full-time diagnostic data capture subsystem.
2019-01-20T16:30:39.361-0500 E STORAGE  [thread2] WiredTiger error (2) [1548019839:361216][13902:0x7f9693667700], log-server: __directory_list_worker, 48: /home/ozzycodes/OzzyCodes_ProgrammingTutorials/CodingAcademy_Programs/MongoDB/Admins_Guide/node1/journal: directory-list: opendir: No such file or directory Raw: [1548019839:361216][13902:0x7f9693667700], log-server: __directory_list_worker, 48: /home/ozzycodes/OzzyCodes_ProgrammingTutorials/CodingAcademy_Programs/MongoDB/Admins_Guide/node1/journal: directory-list: opendir: No such file or directory
2019-01-20T16:30:39.361-0500 E STORAGE  [thread2] WiredTiger error (2) [1548019839:361334][13902:0x7f9693667700], log-server: __log_prealloc_once, 480: log pre-alloc server error: No such file or directory Raw: [1548019839:361334][13902:0x7f9693667700], log-server: __log_prealloc_once, 480: log pre-alloc server error: No such file or directory
2019-01-20T16:30:39.361-0500 E STORAGE  [thread2] WiredTiger error (2) [1548019839:361356][13902:0x7f9693667700], log-server: __log_server, 1027: log server error: No such file or directory Raw: [1548019839:361356][13902:0x7f9693667700], log-server: __log_server, 1027: log server error: No such file or directory
2019-01-20T16:30:39.361-0500 E STORAGE  [thread2] WiredTiger error (-31804) [1548019839:361389][13902:0x7f9693667700], log-server: __wt_panic, 523: the process must exit and restart: WT_PANIC: WiredTiger library panic Raw: [1548019839:361389][13902:0x7f9693667700], log-server: __wt_panic, 523: the process must exit and restart: WT_PANIC: WiredTiger library panic
2019-01-20T16:30:39.361-0500 F -        [thread2] Fatal Assertion 50853 at src/mongo/db/storage/wiredtiger/wiredtiger_util.cpp 409
2019-01-20T16:30:39.361-0500 F -        [thread2] 

***aborting after fassert() failure


2019-01-20T16:30:39.373-0500 F -        [thread2] Got signal: 6 (Aborted).
 0x562ca61eeee1 0x562ca61ee0f9 0x562ca61ee5dd 0x7f969a779890 0x7f969a3b4e97 0x7f969a3b6801 0x562ca4817923 0x562ca490e416 0x562ca497fd49 0x562ca47a1e2b 0x562ca47a224b 0x562ca49ea592 0x7f969a76e6db 0x7f969a49788f
----- BEGIN BACKTRACE -----
{"backtrace":[{"b":"562CA3E04000","o":"23EAEE1","s":"_ZN5mongo15printStackTraceERSo"},{"b":"562CA3E04000","o":"23EA0F9"},{"b":"562CA3E04000","o":"23EA5DD"},{"b":"7F969A767000","o":"12890"},{"b":"7F969A376000","o":"3EE97","s":"gsignal"},{"b":"7F969A376000","o":"40801","s":"abort"},{"b":"562CA3E04000","o":"A13923","s":"_ZN5mongo32fassertFailedNoTraceWithLocationEiPKcj"},{"b":"562CA3E04000","o":"B0A416"},{"b":"562CA3E04000","o":"B7BD49"},{"b":"562CA3E04000","o":"99DE2B","s":"__wt_err_func"},{"b":"562CA3E04000","o":"99E24B","s":"__wt_panic"},{"b":"562CA3E04000","o":"BE6592"},{"b":"7F969A767000","o":"76DB"},{"b":"7F969A376000","o":"12188F","s":"clone"}],"processInfo":{ "mongodbVersion" : "4.0.5", "gitVersion" : "3739429dd92b92d1b0ab120911a23d50bf03c412", "compiledModules" : [], "uname" : { "sysname" : "Linux", "release" : "4.18.0-13-generic", "version" : "#14~18.04.1-Ubuntu SMP Thu Dec 6 14:09:52 UTC 2018", "machine" : "x86_64" }, "somap" : [ { "b" : "562CA3E04000", "elfType" : 3, "buildId" : "DE0F316BF203AEAA2013022332E4A4CCBEF22B49" }, { "b" : "7FFF8C753000", "path" : "linux-vdso.so.1", "elfType" : 3, "buildId" : "E2140F8526CEF40AAC5E97D985A32DF5EC3221EC" }, { "b" : "7F969BC45000", "path" : "/usr/lib/x86_64-linux-gnu/libcurl.so.4", "elfType" : 3, "buildId" : "6A84841CA71AF31FF9C66ADFB4F928D0987F86EC" }, { "b" : "7F969BA2A000", "path" : "/lib/x86_64-linux-gnu/libresolv.so.2", "elfType" : 3, "buildId" : "390E9CC4C215314B6D8ADE6D6E28F8518418039C" }, { "b" : "7F969B5B2000", "path" : "/usr/lib/x86_64-linux-gnu/libcrypto.so.1.1", "elfType" : 3, "buildId" : "A409BCD92DCDD3298E92C359876AC800FDD499AC" }, { "b" : "7F969B348000", "path" : "/usr/lib/x86_64-linux-gnu/libssl.so.1.1", "elfType" : 3, "buildId" : "9787FF1FFFE8D82268D89F6BFA3AF07B3E9D140F" }, { "b" : "7F969B144000", "path" : "/lib/x86_64-linux-gnu/libdl.so.2", "elfType" : 3, "buildId" : "25AD56E902E23B490A9CCDB08A9744D89CB95BCC" }, { "b" : "7F969AF3C000", "path" : "/lib/x86_64-linux-gnu/librt.so.1", "elfType" : 3, "buildId" : "9826FBDF57ED7D6965131074CB3C08B1009C1CD8" }, { "b" : "7F969AB9E000", "path" : "/lib/x86_64-linux-gnu/libm.so.6", "elfType" : 3, "buildId" : "A33761AB8FB485311B3C85BF4253099D7CABE653" }, { "b" : "7F969A986000", "path" : "/lib/x86_64-linux-gnu/libgcc_s.so.1", "elfType" : 3, "buildId" : "92E0BE1929D28508CF9C6D5754C7EB48C12255B3" }, { "b" : "7F969A767000", "path" : "/lib/x86_64-linux-gnu/libpthread.so.0", "elfType" : 3, "buildId" : "28C6AADE70B2D40D1F0F3D0A1A0CAD1AB816448F" }, { "b" : "7F969A376000", "path" : "/lib/x86_64-linux-gnu/libc.so.6", "elfType" : 3, "buildId" : "B417C0BA7CC5CF06D1D1BED6652CEDB9253C60D0" }, { "b" : "7F969BEC4000", "path" : "/lib64/ld-linux-x86-64.so.2", "elfType" : 3, "buildId" : "64DF1B961228382FE18684249ED800AB1DCEAAD4" }, { "b" : "7F969A151000", "path" : "/usr/lib/x86_64-linux-gnu/libnghttp2.so.14", "elfType" : 3, "buildId" : "4F00E5207693FDC249DA42EC6472ACA6A7B929AE" }, { "b" : "7F9699F34000", "path" : "/usr/lib/x86_64-linux-gnu/libidn2.so.0", "elfType" : 3, "buildId" : "BA5BF9A5C44F48C647E9D8270A5421AE81CCAD61" }, { "b" : "7F9699D18000", "path" : "/usr/lib/x86_64-linux-gnu/librtmp.so.1", "elfType" : 3, "buildId" : "69465D8AA6B19086ABF2455A703F9168BF82A69F" }, { "b" : "7F9699B0A000", "path" : "/usr/lib/x86_64-linux-gnu/libpsl.so.5", "elfType" : 3, "buildId" : "CDAF1F1946846941F9D06414EC8C812D131A168E" }, { "b" : "7F96998BF000", "path" : "/usr/lib/x86_64-linux-gnu/libgssapi_krb5.so.2", "elfType" : 3, "buildId" : "00F419F64B0E70D8C5EEF7050369AA40B2A6E090" }, { "b" : "7F969966D000", "path" : "/usr/lib/x86_64-linux-gnu/libldap_r-2.4.so.2", "elfType" : 3, "buildId" : "9AFD2677E6CD2A67823EA74FDD8448F683028484" }, { "b" : "7F969945F000", "path" : "/usr/lib/x86_64-linux-gnu/liblber-2.4.so.2", "elfType" : 3, "buildId" : "445EBBF9B2F0FC928017DF247244256F56D431E1" }, { "b" : "7F9699242000", "path" : "/lib/x86_64-linux-gnu/libz.so.1", "elfType" : 3, "buildId" : "EF3E006DFE3132A41D4D4DC0E407D6EA658E11C4" }, { "b" : "7F9698EC4000", "path" : "/usr/lib/x86_64-linux-gnu/libunistring.so.2", "elfType" : 3, "buildId" : "62A44D226F3A74CF720305A52D3E876E214C248A" }, { "b" : "7F9698B5F000", "path" : "/usr/lib/x86_64-linux-gnu/libgnutls.so.30", "elfType" : 3, "buildId" : "F67AAC89381F6ACFE9979B24D4002668C4F70ABE" }, { "b" : "7F969892B000", "path" : "/usr/lib/x86_64-linux-gnu/libhogweed.so.4", "elfType" : 3, "buildId" : "842BDF0B0EAAB82E19F1EABFC38769F4040FBE31" }, { "b" : "7F96986F5000", "path" : "/usr/lib/x86_64-linux-gnu/libnettle.so.6", "elfType" : 3, "buildId" : "C20D4B3BA13FCDCC3BF6857689BA9FC70BE3F6A5" }, { "b" : "7F9698474000", "path" : "/usr/lib/x86_64-linux-gnu/libgmp.so.10", "elfType" : 3, "buildId" : "D40EA9B5EC5BC46799E4A412319617BD38BE9341" }, { "b" : "7F969819E000", "path" : "/usr/lib/x86_64-linux-gnu/libkrb5.so.3", "elfType" : 3, "buildId" : "69FBCF425EE6DF03DE93B82FBC2FC33790E68A96" }, { "b" : "7F9697F6C000", "path" : "/usr/lib/x86_64-linux-gnu/libk5crypto.so.3", "elfType" : 3, "buildId" : "F400D5D643A7F9696DF0E6148FA99BEE6C1BDDF7" }, { "b" : "7F9697D68000", "path" : "/lib/x86_64-linux-gnu/libcom_err.so.2", "elfType" : 3, "buildId" : "C0CB7E35A4566A443F99DFBC1A54D3A0677C8A10" }, { "b" : "7F9697B5D000", "path" : "/usr/lib/x86_64-linux-gnu/libkrb5support.so.0", "elfType" : 3, "buildId" : "D78D71E8E016A534281B25B97CD7E5E9DB5FE00A" }, { "b" : "7F9697942000", "path" : "/usr/lib/x86_64-linux-gnu/libsasl2.so.2", "elfType" : 3, "buildId" : "ABB7E3F40302E6509DAD1F91DFB1F04B6A5FD072" }, { "b" : "7F9697701000", "path" : "/usr/lib/x86_64-linux-gnu/libgssapi.so.3", "elfType" : 3, "buildId" : "A1A98DB481968073636BBAECB561A3EA8ED198AE" }, { "b" : "7F96973D2000", "path" : "/usr/lib/x86_64-linux-gnu/libp11-kit.so.0", "elfType" : 3, "buildId" : "8DBD451EA5651283905E16FA7DFA9908688893A3" }, { "b" : "7F96971BF000", "path" : "/usr/lib/x86_64-linux-gnu/libtasn1.so.6", "elfType" : 3, "buildId" : "6036B89A3BB671B32E01464C0C82BFA016186352" }, { "b" : "7F9696FBB000", "path" : "/lib/x86_64-linux-gnu/libkeyutils.so.1", "elfType" : 3, "buildId" : "F463E107B099910463BC32E837C73D341A52C27B" }, { "b" : "7F9696DB2000", "path" : "/usr/lib/x86_64-linux-gnu/libheimntlm.so.0", "elfType" : 3, "buildId" : "C2376C5B831991591F1A67B976758185F86896D8" }, { "b" : "7F9696B25000", "path" : "/usr/lib/x86_64-linux-gnu/libkrb5.so.26", "elfType" : 3, "buildId" : "69BDEE5FA0FEEDF317308BE850F78761861D520A" }, { "b" : "7F9696883000", "path" : "/usr/lib/x86_64-linux-gnu/libasn1.so.8", "elfType" : 3, "buildId" : "315D74995AAA32DE4D15BA25F335066988B1B230" }, { "b" : "7F969664D000", "path" : "/usr/lib/x86_64-linux-gnu/libhcrypto.so.4", "elfType" : 3, "buildId" : "6673972A1C24A89EBAFBAE696188A4CB26C6DDEB" }, { "b" : "7F9696437000", "path" : "/usr/lib/x86_64-linux-gnu/libroken.so.18", "elfType" : 3, "buildId" : "430827C33259C12248CF44B91A9A9821114376F5" }, { "b" : "7F969622F000", "path" : "/usr/lib/x86_64-linux-gnu/libffi.so.6", "elfType" : 3, "buildId" : "3555B5F599C9787DFDDBF9E8DF6F706B9044D985" }, { "b" : "7F9696006000", "path" : "/usr/lib/x86_64-linux-gnu/libwind.so.0", "elfType" : 3, "buildId" : "93A0931B1C2818F0EA224CE6FE5E31E84A9B55BB" }, { "b" : "7F9695DF7000", "path" : "/usr/lib/x86_64-linux-gnu/libheimbase.so.1", "elfType" : 3, "buildId" : "669D4CCE42FA4382796EFFCF0C16F459F4382C4C" }, { "b" : "7F9695BAD000", "path" : "/usr/lib/x86_64-linux-gnu/libhx509.so.5", "elfType" : 3, "buildId" : "4B80C543356EE0AF9039EFE7C9EA1CC1F74C426A" }, { "b" : "7F96958A4000", "path" : "/usr/lib/x86_64-linux-gnu/libsqlite3.so.0", "elfType" : 3, "buildId" : "9FD7B69263297314C83BB205234E182BD4D8B86A" }, { "b" : "7F969566C000", "path" : "/lib/x86_64-linux-gnu/libcrypt.so.1", "elfType" : 3, "buildId" : "810686AF0D5FD350A4FB1CC4B5AFF44A05C102CB" } ] }}
 mongod(_ZN5mongo15printStackTraceERSo+0x41) [0x562ca61eeee1]
 mongod(+0x23EA0F9) [0x562ca61ee0f9]
 mongod(+0x23EA5DD) [0x562ca61ee5dd]
 libpthread.so.0(+0x12890) [0x7f969a779890]
 libc.so.6(gsignal+0xC7) [0x7f969a3b4e97]
 libc.so.6(abort+0x141) [0x7f969a3b6801]
 mongod(_ZN5mongo32fassertFailedNoTraceWithLocationEiPKcj+0x0) [0x562ca4817923]
 mongod(+0xB0A416) [0x562ca490e416]
 mongod(+0xB7BD49) [0x562ca497fd49]
 mongod(__wt_err_func+0x90) [0x562ca47a1e2b]
 mongod(__wt_panic+0x3F) [0x562ca47a224b]
 mongod(+0xBE6592) [0x562ca49ea592]
 libpthread.so.0(+0x76DB) [0x7f969a76e6db]
 libc.so.6(clone+0x3F) [0x7f969a49788f]
-----  END BACKTRACE  -----
